<?xml version="1.0" encoding="UTF-8" standalone="no"?><testsuite errors="1" failures="0" name="Comprar productos" skipped="0" tests="1" time="48.8" timestamp="2022-05-29 05:37:51"><testcase name="el usuario hace la compra"><error message="element click intercepted: Element &lt;a id=&quot;menuUserLink&quot; aria-label=&quot;UserMenu&quot; href=&quot;javascript:void(0)&quot; role=&quot;link&quot; class=&quot;img&quot; data-ng-click=&quot;login('loginMiniTitle')&quot; data-ng-mouseenter=&quot;miniTitleIn('loginMiniTitle')&quot; data-ng-mouseleave=&quot;miniTitleOut('loginMiniTitle')&quot;&gt;...&lt;/a&gt; is not clickable at point (1222, 34). Other element would receive the click: &lt;div class=&quot;loader&quot; style=&quot;display: block; opacity: 1;&quot;&gt;...&lt;/div&gt;&#10;  (Session info: chrome=101.0.4951.67)&#10;Build info: version: '4.1.2', revision: '9a5a329c5a'&#10;System info: host: 'CHMEPPF0FNLK0', ip: '192.168.0.14', os.name: 'Windows 10', os.arch: 'amd64', os.version: '10.0', java.version: '11.0.14'&#10;Driver info: org.openqa.selenium.chrome.ChromeDriver&#10;Command: [9b20e255960adc98bc05c1d86b72c2e1, clickElement {id=e11ac0eb-6e25-488f-b03d-2533cafd3906}]&#10;Capabilities {acceptInsecureCerts: false, browserName: chrome, browserVersion: 101.0.4951.67, chrome: {chromedriverVersion: 101.0.4951.41 (93c720db8323..., userDataDir: C:\Users\jsotom\AppData\Loc...}, goog:chromeOptions: {debuggerAddress: localhost:51277}, javascriptEnabled: true, networkConnectionEnabled: false, pageLoadStrategy: normal, platform: WINDOWS, platformName: WINDOWS, proxy: Proxy(), se:cdp: ws://localhost:51277/devtoo..., se:cdpVersion: 101.0.4951.67, setWindowRect: true, strictFileInteractability: false, timeouts: {implicit: 0, pageLoad: 300000, script: 30000}, unhandledPromptBehavior: dismiss and notify, webauthn:extension:credBlob: true, webauthn:extension:largeBlob: true, webauthn:virtualAuthenticators: true}&#10;Element: [[ChromeDriver: chrome on WINDOWS (9b20e255960adc98bc05c1d86b72c2e1)] -&gt; xpath: //a[@id='menuUserLink']]&#10;Session ID: 9b20e255960adc98bc05c1d86b72c2e1" type="org.openqa.selenium.ElementClickInterceptedException">element click intercepted: Element &lt;a id="menuUserLink" aria-label="UserMenu" href="javascript:void(0)" role="link" class="img" data-ng-click="login('loginMiniTitle')" data-ng-mouseenter="miniTitleIn('loginMiniTitle')" data-ng-mouseleave="miniTitleOut('loginMiniTitle')"&gt;...&lt;/a&gt; is not clickable at point (1222, 34). Other element would receive the click: &lt;div class="loader" style="display: block; opacity: 1;"&gt;...&lt;/div&gt;
  (Session info: chrome=101.0.4951.67)
Build info: version: '4.1.2', revision: '9a5a329c5a'
System info: host: 'CHMEPPF0FNLK0', ip: '192.168.0.14', os.name: 'Windows 10', os.arch: 'amd64', os.version: '10.0', java.version: '11.0.14'
Driver info: org.openqa.selenium.chrome.ChromeDriver
Command: [9b20e255960adc98bc05c1d86b72c2e1, clickElement {id=e11ac0eb-6e25-488f-b03d-2533cafd3906}]
Capabilities {acceptInsecureCerts: false, browserName: chrome, browserVersion: 101.0.4951.67, chrome: {chromedriverVersion: 101.0.4951.41 (93c720db8323..., userDataDir: C:\Users\jsotom\AppData\Loc...}, goog:chromeOptions: {debuggerAddress: localhost:51277}, javascriptEnabled: true, networkConnectionEnabled: false, pageLoadStrategy: normal, platform: WINDOWS, platformName: WINDOWS, proxy: Proxy(), se:cdp: ws://localhost:51277/devtoo..., se:cdpVersion: 101.0.4951.67, setWindowRect: true, strictFileInteractability: false, timeouts: {implicit: 0, pageLoad: 300000, script: 30000}, unhandledPromptBehavior: dismiss and notify, webauthn:extension:credBlob: true, webauthn:extension:largeBlob: true, webauthn:virtualAuthenticators: true}
Element: [[ChromeDriver: chrome on WINDOWS (9b20e255960adc98bc05c1d86b72c2e1)] -&gt; xpath: //a[@id='menuUserLink']]
Session ID: 9b20e255960adc98bc05c1d86b72c2e1</error><system-err>element click intercepted: Element &lt;a id="menuUserLink" aria-label="UserMenu" href="javascript:void(0)" role="link" class="img" data-ng-click="login('loginMiniTitle')" data-ng-mouseenter="miniTitleIn('loginMiniTitle')" data-ng-mouseleave="miniTitleOut('loginMiniTitle')"&gt;...&lt;/a&gt; is not clickable at point (1222, 34). Other element would receive the click: &lt;div class="loader" style="display: block; opacity: 1;"&gt;...&lt;/div&gt;
  (Session info: chrome=101.0.4951.67)
Build info: version: '4.1.2', revision: '9a5a329c5a'
System info: host: 'CHMEPPF0FNLK0', ip: '192.168.0.14', os.name: 'Windows 10', os.arch: 'amd64', os.version: '10.0', java.version: '11.0.14'
Driver info: org.openqa.selenium.chrome.ChromeDriver
Command: [9b20e255960adc98bc05c1d86b72c2e1, clickElement {id=e11ac0eb-6e25-488f-b03d-2533cafd3906}]
Capabilities {acceptInsecureCerts: false, browserName: chrome, browserVersion: 101.0.4951.67, chrome: {chromedriverVersion: 101.0.4951.41 (93c720db8323..., userDataDir: C:\Users\jsotom\AppData\Loc...}, goog:chromeOptions: {debuggerAddress: localhost:51277}, javascriptEnabled: true, networkConnectionEnabled: false, pageLoadStrategy: normal, platform: WINDOWS, platformName: WINDOWS, proxy: Proxy(), se:cdp: ws://localhost:51277/devtoo..., se:cdpVersion: 101.0.4951.67, setWindowRect: true, strictFileInteractability: false, timeouts: {implicit: 0, pageLoad: 300000, script: 30000}, unhandledPromptBehavior: dismiss and notify, webauthn:extension:credBlob: true, webauthn:extension:largeBlob: true, webauthn:virtualAuthenticators: true}
Element: [[ChromeDriver: chrome on WINDOWS (9b20e255960adc98bc05c1d86b72c2e1)] -&gt; xpath: //a[@id='menuUserLink']]
Session ID: 9b20e255960adc98bc05c1d86b72c2e1&#13;
co.com.example.screenplay.tasks.IngresarUsuarioAl.performAs(IngresarUsuarioAl.java:32)&#13;
co.com.example.screenplay.stepdefinitions.login.IngresarUsuarioStepDefinitions.necesitaHacerUnaCompraYDebeIngresarConSusCredenciales(IngresarUsuarioStepDefinitions.java:22)&#13;
io.cucumber.java.Invoker.doInvoke(Invoker.java:66)&#13;
io.cucumber.java.Invoker.invoke(Invoker.java:24)&#13;
io.cucumber.java.AbstractGlueDefinition.invokeMethod(AbstractGlueDefinition.java:47)&#13;
io.cucumber.java.JavaStepDefinition.execute(JavaStepDefinition.java:29)&#13;
io.cucumber.core.runner.CoreStepDefinition.execute(CoreStepDefinition.java:66)&#13;
io.cucumber.core.runner.PickleStepDefinitionMatch.runStep(PickleStepDefinitionMatch.java:63)&#13;
io.cucumber.core.runner.TestStep.executeStep(TestStep.java:86)&#13;
io.cucumber.core.runner.TestStep.run(TestStep.java:57)&#13;
io.cucumber.core.runner.PickleStepTestStep.run(PickleStepTestStep.java:51)&#13;
io.cucumber.core.runner.TestCase.run(TestCase.java:95)&#13;
io.cucumber.core.runner.Runner.runPickle(Runner.java:75)&#13;
io.cucumber.core.runtime.CucumberExecutionContext.lambda$runTestCase$3(CucumberExecutionContext.java:151)&#13;
io.cucumber.core.runtime.RethrowingThrowableCollector.executeAndThrow(RethrowingThrowableCollector.java:23)&#13;
io.cucumber.core.runtime.CucumberExecutionContext.runTestCase(CucumberExecutionContext.java:151)&#13;
io.cucumber.junit.FeatureRunner.runChild(FeatureRunner.java:144)&#13;
io.cucumber.junit.FeatureRunner.runChild(FeatureRunner.java:28)&#13;
io.cucumber.junit.FeatureRunner.run(FeatureRunner.java:137)&#13;
io.cucumber.junit.CucumberSerenityRunner.runChild(CucumberSerenityRunner.java:258)&#13;
io.cucumber.junit.CucumberSerenityRunner.runChild(CucumberSerenityRunner.java:58)&#13;
</system-err></testcase></testsuite>